<?xml version="1.0" encoding="UTF-8"?>
<!-- Generated by org.testng.reporters.JUnitReportReporter -->
<testsuite hostname="DESKTOP-M94F8C6" failures="0" tests="1" name="com.testCases.TestCase1" time="0.076" errors="0" timestamp="2023-01-11T11:49:44 IST" skipped="0">
  <testcase classname="com.testCases.TestCase1" name="tc1" time="0.076"/>
  <system-out>
Tc1 is Running  </system-out>
</testsuite> <!-- com.testCases.TestCase1 -->
