<?xml version="1.0" encoding="UTF-8"?>
<!-- Generated by org.testng.reporters.JUnitReportReporter -->
<testsuite hostname="DESKTOP-M94F8C6" failures="0" tests="1" name="com.testCases.TestCase2" time="0.002" errors="0" timestamp="2023-01-11T11:49:44 IST" skipped="0">
  <testcase classname="com.testCases.TestCase2" name="tc2" time="0.002"/>
  <system-out>
Tc2 is Running  </system-out>
</testsuite> <!-- com.testCases.TestCase2 -->
